-------------------------------------------------------------------------------
Test set: com.example.SpringbootwebService.Repository.PersonRepositoryTest
-------------------------------------------------------------------------------
Tests run: 1, Failures: 1, Errors: 0, Skipped: 0, Time elapsed: 73.707 s <<< FAILURE! - in com.example.SpringbootwebService.Repository.PersonRepositoryTest
testFindAllWithFilters  Time elapsed: 3.491 s  <<< FAILURE!
org.opentest4j.AssertionFailedError: expected: <[Person(id=null, firstName=Caroline, lastName=Loos), Person(id=null, firstName=Rachel, lastName=Joe)]> but was: <[]>
	at com.example.SpringbootwebService.Repository.PersonRepositoryTest.testFindAllWithFilters(PersonRepositoryTest.java:32)

